22:21:31.796 call  TextDiaryStorage.load()
22:21:31.799 call  TextEntryParser.parse(..)
22:21:31.806 time  TextEntryParser.parse(..) — 3216 мкс
22:21:31.807 done  TextEntryParser.parse(..)
22:21:31.807 time  TextDiaryStorage.load() — 9748 мкс
22:21:31.807 done  TextDiaryStorage.load()
22:21:31.809 call  EntryRepository.replaceAll(..)
22:21:31.809 done  EntryRepository.replaceAll(..)
22:21:31.810 call  EntryRepository.findAll()
22:21:31.811 done  EntryRepository.findAll()
22:21:42.049 call  AddEventCommand.execute()
22:22:17.806 call  EntryRepository.add(..)
22:22:17.807 done  EntryRepository.add(..)
22:22:17.808 time  AddEventCommand.execute() — 35758767 мкс
22:22:17.809 done  AddEventCommand.execute()
22:22:23.404 call  PrintCommand.execute()
22:22:23.404 call  EntryRepository.findAll()
22:22:23.405 done  EntryRepository.findAll()
22:22:23.410 time  PrintCommand.execute() — 4569 мкс
22:22:23.410 done  PrintCommand.execute()
22:22:39.572 call  RemindCommand.execute()
22:22:39.573 call  EntryRepository.findAll()
22:22:39.574 done  EntryRepository.findAll()
22:22:39.575 time  RemindCommand.execute() — 1792 мкс
22:22:39.575 done  RemindCommand.execute()
22:22:53.874 call  SaveCommand.execute()
22:22:53.875 call  EntryRepository.findAll()
22:22:53.877 done  EntryRepository.findAll()
22:22:53.878 call  TextDiaryStorage.save(..)
22:22:53.883 time  TextDiaryStorage.save(..) — 5029 мкс
22:22:53.884 done  TextDiaryStorage.save(..)
22:22:53.884 time  SaveCommand.execute() — 8567 мкс
22:22:53.885 done  SaveCommand.execute()
22:23:11.317 call  TextDiaryStorage.load()
22:23:11.328 call  TextEntryParser.parse(..)
22:23:11.337 time  TextEntryParser.parse(..) — 4124 мкс
22:23:11.338 done  TextEntryParser.parse(..)
22:23:11.339 time  TextDiaryStorage.load() — 19540 мкс
22:23:11.340 done  TextDiaryStorage.load()
22:23:11.340 call  EntryRepository.replaceAll(..)
22:23:11.341 done  EntryRepository.replaceAll(..)
22:23:11.342 call  EntryRepository.findAll()
22:23:11.343 done  EntryRepository.findAll()
22:23:23.922 call  PrintCommand.execute()
22:23:23.924 call  EntryRepository.findAll()
22:23:23.925 done  EntryRepository.findAll()
22:23:23.928 time  PrintCommand.execute() — 4421 мкс
22:23:23.929 done  PrintCommand.execute()
22:23:28.163 call  RemoveCommand.execute()
22:23:31.106 call  EntryRepository.removeAt(..)
22:23:31.107 done  EntryRepository.removeAt(..)
22:23:31.107 time  RemoveCommand.execute() — 2944636 мкс
22:23:31.108 done  RemoveCommand.execute()
22:54:33.281 call  TextDiaryStorage.load()
22:54:33.285 call  TextEntryParser.parse(..)
22:54:33.293 time  TextEntryParser.parse(..) — 3722 мкс
22:54:33.296 fail  TextEntryParser.parse(..) (DateTimeParseException: Text 'НН' could not be parsed at index 0)
22:54:33.296 time  TextDiaryStorage.load() — 12784 мкс
22:54:33.297 fail  TextDiaryStorage.load() (DateTimeParseException: Text 'НН' could not be parsed at index 0)
23:16:25.353 call  TextDiaryStorage.load()
23:16:25.358 time  TextDiaryStorage.load() — 298 мкс
23:16:25.359 done  TextDiaryStorage.load()
23:16:25.360 call  EntryRepository.findAll()
23:16:25.361 done  EntryRepository.findAll()
23:18:45.155 call  AddEventCommand.execute()
23:19:02.650 time  AddEventCommand.execute() — 17493890 мкс
23:19:02.653 fail  AddEventCommand.execute() (DateTimeParseException: Text '16.05.2026' could not be parsed at index 10)
23:19:25.867 call  AddEventCommand.execute()
23:19:49.323 call  EntryRepository.add(..)
23:19:49.325 done  EntryRepository.add(..)
23:19:49.326 time  AddEventCommand.execute() — 23457985 мкс
23:19:49.326 done  AddEventCommand.execute()
23:20:19.027 call  PrintCommand.execute()
23:20:19.028 call  EntryRepository.findAll()
23:20:19.029 done  EntryRepository.findAll()
23:20:19.033 time  PrintCommand.execute() — 5357 мкс
23:20:19.033 done  PrintCommand.execute()
23:20:48.633 call  SaveCommand.execute()
23:20:48.635 call  EntryRepository.findAll()
23:20:48.635 done  EntryRepository.findAll()
23:20:48.636 call  TextDiaryStorage.save(..)
23:20:48.638 time  TextDiaryStorage.save(..) — 2036 мкс
23:20:48.639 done  TextDiaryStorage.save(..)
23:20:48.639 time  SaveCommand.execute() — 5131 мкс
23:20:48.640 done  SaveCommand.execute()
23:20:54.945 call  TextDiaryStorage.load()
23:20:54.956 call  TextEntryParser.parse(..)
23:20:54.963 time  TextEntryParser.parse(..) — 3697 мкс
23:20:54.964 done  TextEntryParser.parse(..)
23:20:54.966 time  TextDiaryStorage.load() — 17587 мкс
23:20:54.966 done  TextDiaryStorage.load()
23:20:54.967 call  EntryRepository.replaceAll(..)
23:20:54.967 done  EntryRepository.replaceAll(..)
23:20:54.968 call  EntryRepository.findAll()
23:20:54.969 done  EntryRepository.findAll()
23:21:11.431 call  PrintCommand.execute()
23:21:11.432 call  EntryRepository.findAll()
23:21:11.433 done  EntryRepository.findAll()
23:21:11.439 time  PrintCommand.execute() — 6527 мкс
23:21:11.440 done  PrintCommand.execute()
23:24:25.392 call  TextDiaryStorage.load()
23:24:25.395 call  TextEntryParser.parse(..)
23:24:25.402 time  TextEntryParser.parse(..) — 3132 мкс
23:24:25.403 done  TextEntryParser.parse(..)
23:24:25.404 time  TextDiaryStorage.load() — 9227 мкс
23:24:25.404 done  TextDiaryStorage.load()
23:24:25.405 call  EntryRepository.replaceAll(..)
23:24:25.405 done  EntryRepository.replaceAll(..)
23:24:25.406 call  EntryRepository.findAll()
23:24:25.407 done  EntryRepository.findAll()
23:24:33.892 call  PrintCommand.execute()
23:24:33.893 call  EntryRepository.findAll()
23:24:33.893 done  EntryRepository.findAll()
23:24:33.900 time  PrintCommand.execute() — 7147 мкс
23:24:33.900 done  PrintCommand.execute()
23:24:40.339 call  RemoveCommand.execute()
23:24:41.251 time  RemoveCommand.execute() — 910422 мкс
23:24:41.253 fail  RemoveCommand.execute() (NumberFormatException: For input string: "a061037a")
23:24:55.392 call  RemoveCommand.execute()
23:24:56.297 call  EntryRepository.removeAt(..)
23:24:56.297 done  EntryRepository.removeAt(..)
23:24:56.299 time  RemoveCommand.execute() — 906917 мкс
23:24:56.300 done  RemoveCommand.execute()
23:31:11.453 call  TextDiaryStorage.load()
23:31:11.456 call  TextEntryParser.parse(..)
23:31:11.462 time  TextEntryParser.parse(..) — 3171 мкс
23:31:11.462 done  TextEntryParser.parse(..)
23:31:11.462 time  TextDiaryStorage.load() — 8820 мкс
23:31:11.464 done  TextDiaryStorage.load()
23:31:11.464 call  EntryRepository.replaceAll(..)
23:31:11.465 done  EntryRepository.replaceAll(..)
23:31:11.466 call  EntryRepository.findAll()
23:31:11.467 done  EntryRepository.findAll()
23:31:18.223 call  PrintCommand.execute()
23:31:18.226 call  EntryRepository.findAll()
23:31:18.226 done  EntryRepository.findAll()
23:31:18.232 time  PrintCommand.execute() — 7225 мкс
23:31:18.233 done  PrintCommand.execute()
23:31:24.074 call  RemoveCommand.execute()
23:31:26.518 call  EntryRepository.removeById(..)
23:31:26.519 done  EntryRepository.removeById(..)
23:31:26.520 time  RemoveCommand.execute() — 2446315 мкс
23:31:26.521 done  RemoveCommand.execute()
23:31:37.807 call  AddGroupCommand.execute()
23:31:47.399 call  EntryRepository.add(..)
23:31:47.400 done  EntryRepository.add(..)
23:31:47.400 time  AddGroupCommand.execute() — 9592520 мкс
23:31:47.401 done  AddGroupCommand.execute()
23:32:01.284 call  AddNoteCommand.execute()
23:32:48.554 call  EntryRepository.add(..)
23:32:48.555 done  EntryRepository.add(..)
23:32:48.556 time  AddNoteCommand.execute() — 47270786 мкс
23:32:48.557 done  AddNoteCommand.execute()
23:33:18.065 call  PrintCommand.execute()
23:33:18.066 call  EntryRepository.findAll()
23:33:18.067 done  EntryRepository.findAll()
23:33:18.068 time  PrintCommand.execute() — 1820 мкс
23:33:18.068 done  PrintCommand.execute()
23:46:22.949 call  TextDiaryStorage.load()
23:46:22.951 call  TextEntryParser.parse(..)
23:46:22.958 time  TextEntryParser.parse(..) — 3314 мкс
23:46:22.959 done  TextEntryParser.parse(..)
23:46:22.960 time  TextDiaryStorage.load() — 9260 мкс
23:46:22.960 done  TextDiaryStorage.load()
23:46:22.961 call  EntryRepository.replaceAll(..)
23:46:22.961 done  EntryRepository.replaceAll(..)
23:46:22.963 call  EntryRepository.findAll()
23:46:22.963 done  EntryRepository.findAll()
23:46:29.611 call  AddNoteCommand.execute()
23:47:58.062 call  EntryRepository.add(..)
23:47:58.064 done  EntryRepository.add(..)
23:47:58.064 time  AddNoteCommand.execute() — 88452266 мкс
23:47:58.065 done  AddNoteCommand.execute()
23:48:08.405 call  PrintCommand.execute()
23:48:08.407 call  EntryRepository.findAll()
23:48:08.408 done  EntryRepository.findAll()
23:48:08.415 time  PrintCommand.execute() — 7910 мкс
23:48:08.415 done  PrintCommand.execute()
23:48:12.116 call  AddGroupCommand.execute()
23:48:15.755 call  EntryRepository.add(..)
23:48:15.756 done  EntryRepository.add(..)
23:48:15.756 time  AddGroupCommand.execute() — 3639087 мкс
23:48:15.757 done  AddGroupCommand.execute()
23:48:24.804 call  AddEventCommand.execute()
23:48:29.290 call  EntryRepository.findGroupById(..)
23:48:29.291 done  EntryRepository.findGroupById(..)
23:48:29.292 time  AddEventCommand.execute() — 4487943 мкс
23:48:29.293 done  AddEventCommand.execute()
23:48:42.638 call  PrintCommand.execute()
23:48:42.639 call  EntryRepository.findAll()
23:48:42.640 done  EntryRepository.findAll()
23:48:42.641 time  PrintCommand.execute() — 1950 мкс
23:48:42.641 done  PrintCommand.execute()
23:49:06.006 call  TextDiaryStorage.load()
23:49:06.011 time  TextDiaryStorage.load() — 362 мкс
23:49:06.012 done  TextDiaryStorage.load()
23:49:06.013 call  EntryRepository.findAll()
23:49:06.014 done  EntryRepository.findAll()
23:49:10.032 call  AddGroupCommand.execute()
23:49:12.958 call  EntryRepository.add(..)
23:49:12.960 done  EntryRepository.add(..)
23:49:12.960 time  AddGroupCommand.execute() — 2927442 мкс
23:49:12.961 done  AddGroupCommand.execute()
23:49:14.879 call  PrintCommand.execute()
23:49:14.879 call  EntryRepository.findAll()
23:49:14.880 done  EntryRepository.findAll()
23:49:14.882 time  PrintCommand.execute() — 2579 мкс
23:49:14.882 done  PrintCommand.execute()
23:49:27.146 call  AddNoteCommand.execute()
23:49:27.982 call  EntryRepository.findGroupById(..)
23:49:27.983 done  EntryRepository.findGroupById(..)
23:50:03.380 call  EntryRepository.addToGroup(..)
23:50:03.381 done  EntryRepository.addToGroup(..)
23:50:03.383 time  AddNoteCommand.execute() — 36235991 мкс
23:50:03.383 done  AddNoteCommand.execute()
23:50:41.176 call  PrintCommand.execute()
23:50:41.176 call  EntryRepository.findAll()
23:50:41.178 done  EntryRepository.findAll()
23:50:41.181 time  PrintCommand.execute() — 4047 мкс
23:50:41.182 done  PrintCommand.execute()
23:50:48.830 call  AddEventCommand.execute()
23:50:50.718 call  EntryRepository.findGroupById(..)
23:50:50.720 done  EntryRepository.findGroupById(..)
23:51:14.261 call  EntryRepository.addToGroup(..)
23:51:14.262 done  EntryRepository.addToGroup(..)
23:51:14.262 time  AddEventCommand.execute() — 25430852 мкс
23:51:14.263 done  AddEventCommand.execute()
23:51:17.839 call  PrintCommand.execute()
23:51:17.841 call  EntryRepository.findAll()
23:51:17.841 done  EntryRepository.findAll()
23:51:17.847 time  PrintCommand.execute() — 6741 мкс
23:51:17.848 done  PrintCommand.execute()
00:04:41.858 call  TextDiaryStorage.load()
00:04:41.864 time  TextDiaryStorage.load() — 297 мкс
00:04:41.865 done  TextDiaryStorage.load()
00:04:41.866 call  EntryRepository.findAll()
00:04:41.866 done  EntryRepository.findAll()
00:04:49.121 call  AddGroupCommand.execute()
00:04:51.471 call  EntryRepository.findGroupById(..)
00:04:51.471 done  EntryRepository.findGroupById(..)
00:04:51.472 time  AddGroupCommand.execute() — 2349891 мкс
00:04:51.472 done  AddGroupCommand.execute()
00:05:01.906 call  AddGroupCommand.execute()
00:05:05.682 call  EntryRepository.add(..)
00:05:05.684 done  EntryRepository.add(..)
00:05:05.685 time  AddGroupCommand.execute() — 3777475 мкс
00:05:05.685 done  AddGroupCommand.execute()
00:05:07.703 call  AddNoteCommand.execute()
00:05:22.603 call  EntryRepository.add(..)
00:05:22.603 done  EntryRepository.add(..)
00:05:22.604 time  AddNoteCommand.execute() — 14899906 мкс
00:05:22.604 done  AddNoteCommand.execute()
00:05:26.594 call  PrintCommand.execute()
00:05:26.595 call  EntryRepository.findAll()
00:05:26.596 done  EntryRepository.findAll()
00:05:26.600 time  PrintCommand.execute() — 5070 мкс
00:05:26.601 done  PrintCommand.execute()
00:07:16.529 call  TextDiaryStorage.load()
00:07:16.534 time  TextDiaryStorage.load() — 313 мкс
00:07:16.535 done  TextDiaryStorage.load()
00:07:16.536 call  EntryRepository.findAll()
00:07:16.536 done  EntryRepository.findAll()
00:07:20.781 call  AddGroupCommand.execute()
00:07:25.669 call  EntryRepository.add(..)
00:07:25.670 done  EntryRepository.add(..)
00:07:25.670 time  AddGroupCommand.execute() — 4888188 мкс
00:07:25.671 done  AddGroupCommand.execute()
00:07:28.042 call  AddNoteCommand.execute()
00:07:35.022 call  EntryRepository.add(..)
00:07:35.023 done  EntryRepository.add(..)
00:07:35.024 time  AddNoteCommand.execute() — 6980247 мкс
00:07:35.024 done  AddNoteCommand.execute()
00:07:37.863 call  PrintCommand.execute()
00:07:37.864 call  EntryRepository.findAll()
00:07:37.864 done  EntryRepository.findAll()
00:07:37.870 time  PrintCommand.execute() — 7415 мкс
00:07:37.871 done  PrintCommand.execute()
00:07:49.603 call  AddNoteCommand.execute()
00:07:51.709 call  EntryRepository.findGroupById(..)
00:07:51.711 done  EntryRepository.findGroupById(..)
00:08:02.790 call  EntryRepository.addToGroup(..)
00:08:02.791 done  EntryRepository.addToGroup(..)
00:08:02.792 time  AddNoteCommand.execute() — 13187429 мкс
00:08:02.792 done  AddNoteCommand.execute()
00:08:05.807 call  PrintCommand.execute()
00:08:05.807 call  EntryRepository.findAll()
00:08:05.808 done  EntryRepository.findAll()
00:08:05.809 time  PrintCommand.execute() — 2129 мкс
00:08:05.810 done  PrintCommand.execute()
00:08:15.136 call  RemoveCommand.execute()
00:08:17.908 call  EntryRepository.removeById(..)
00:08:17.909 done  EntryRepository.removeById(..)
00:08:17.910 time  RemoveCommand.execute() — 2773686 мкс
00:08:17.911 done  RemoveCommand.execute()
00:08:20.149 call  PrintCommand.execute()
00:08:20.150 call  EntryRepository.findAll()
00:08:20.151 done  EntryRepository.findAll()
00:08:20.152 time  PrintCommand.execute() — 1963 мкс
00:08:20.153 done  PrintCommand.execute()
00:08:36.079 call  RemoveCommand.execute()
00:09:53.892 call  EntryRepository.removeById(..)
00:09:53.893 done  EntryRepository.removeById(..)
00:09:53.894 time  RemoveCommand.execute() — 77813474 мкс
00:09:53.894 done  RemoveCommand.execute()
00:10:02.079 call  AddEventCommand.execute()
00:10:54.245 call  EntryRepository.add(..)
00:10:54.246 done  EntryRepository.add(..)
00:10:54.247 time  AddEventCommand.execute() — 52166961 мкс
00:10:54.248 done  AddEventCommand.execute()
00:11:02.218 call  RemindCommand.execute()
00:11:02.220 call  EntryRepository.findAll()
00:11:02.221 done  EntryRepository.findAll()
00:11:02.222 time  RemindCommand.execute() — 2891 мкс
00:11:02.223 done  RemindCommand.execute()
00:11:11.815 call  TextDiaryStorage.load()
00:11:11.821 time  TextDiaryStorage.load() — 458 мкс
00:11:11.822 done  TextDiaryStorage.load()
00:11:11.823 call  EntryRepository.findAll()
00:11:11.824 done  EntryRepository.findAll()
00:11:17.885 call  AddEventCommand.execute()
00:11:37.775 call  EntryRepository.add(..)
00:11:37.775 done  EntryRepository.add(..)
00:11:37.776 time  AddEventCommand.execute() — 19890371 мкс
00:11:37.776 done  AddEventCommand.execute()
00:11:44.884 call  SaveCommand.execute()
00:11:44.885 call  EntryRepository.findAll()
00:11:44.886 done  EntryRepository.findAll()
00:11:44.886 call  TextDiaryStorage.save(..)
00:11:44.890 time  TextDiaryStorage.save(..) — 1936 мкс
00:11:44.890 done  TextDiaryStorage.save(..)
00:11:44.891 time  SaveCommand.execute() — 5367 мкс
00:11:44.891 done  SaveCommand.execute()
00:11:50.640 call  TextDiaryStorage.load()
00:11:50.651 call  TextEntryParser.parse(..)
00:11:50.659 time  TextEntryParser.parse(..) — 3190 мкс
00:11:50.660 done  TextEntryParser.parse(..)
00:11:50.661 time  TextDiaryStorage.load() — 18115 мкс
00:11:50.661 done  TextDiaryStorage.load()
00:11:50.662 call  EntryRepository.replaceAll(..)
00:11:50.662 done  EntryRepository.replaceAll(..)
00:11:50.663 call  EntryRepository.findAll()
00:11:50.664 done  EntryRepository.findAll()
00:18:37.280 call  TextDiaryStorage.load()
00:18:37.290 call  TextEntryParser.parse(..)
00:18:37.296 time  TextEntryParser.parse(..) — 2914 мкс
00:18:37.297 done  TextEntryParser.parse(..)
00:18:37.297 time  TextDiaryStorage.load() — 15224 мкс
00:18:37.299 done  TextDiaryStorage.load()
00:18:37.299 call  EntryRepository.replaceAll(..)
00:18:37.299 done  EntryRepository.replaceAll(..)
00:18:37.300 call  EntryRepository.findAll()
00:18:37.300 done  EntryRepository.findAll()
00:19:23.596 call  PrintCommand.execute()
00:19:23.597 call  EntryRepository.findAll()
00:19:23.599 done  EntryRepository.findAll()
00:19:23.609 time  PrintCommand.execute() — 12469 мкс
00:19:23.611 done  PrintCommand.execute()
19:51:46.395 call  TextDiaryStorage.load()
19:51:46.407 call  TextEntryParser.parse(..)
19:51:46.414 time  TextEntryParser.parse(..) (4223 µs)
19:51:46.415 done  TextEntryParser.parse(..)
19:51:46.416 time  TextDiaryStorage.load() (17149 µs)
19:51:46.416 done  TextDiaryStorage.load()
19:51:46.417 call  EntryRepository.replaceAll(..)
19:51:46.418 time  EntryRepository.replaceAll(..) (60 µs)
19:51:46.420 done  EntryRepository.replaceAll(..)
19:51:46.421 call  EntryRepository.findAll()
19:51:46.422 time  EntryRepository.findAll() (55 µs)
19:51:46.423 done  EntryRepository.findAll()
19:52:01.440 call  AddEventCommand.execute()
19:52:49.180 call  DefaultEntryFactory.createEvent(..)
19:52:49.241 time  DefaultEntryFactory.createEvent(..) (60601 µs)
19:52:49.241 done  DefaultEntryFactory.createEvent(..)
19:52:49.242 call  EntryRepository.add(..)
19:52:49.243 call  ConsoleEntryObserver.onAdded(..)
19:52:49.243 time  ConsoleEntryObserver.onAdded(..) (249 µs)
19:52:49.244 done  ConsoleEntryObserver.onAdded(..)
19:52:49.244 time  EntryRepository.add(..) (1705 µs)
19:52:49.244 done  EntryRepository.add(..)
19:52:49.245 time  AddEventCommand.execute() (47804269 µs)
19:52:49.245 done  AddEventCommand.execute()
19:52:57.942 call  PrintCommand.execute()
19:52:57.944 call  EntryRepository.findAll()
19:52:57.945 time  EntryRepository.findAll() (16 µs)
19:52:57.946 done  EntryRepository.findAll()
19:52:57.957 time  PrintCommand.execute() (13390 µs)
19:52:57.958 done  PrintCommand.execute()
19:53:04.508 call  RemindCommand.execute()
19:53:04.509 call  EntryRepository.findAll()
19:53:04.510 time  EntryRepository.findAll() (19 µs)
19:53:04.510 done  EntryRepository.findAll()
19:53:04.511 time  RemindCommand.execute() (2356 µs)
19:53:04.511 done  RemindCommand.execute()
19:53:17.776 call  AddEventCommand.execute()
19:53:38.378 time  AddEventCommand.execute() (20600617 µs)
19:53:38.379 fail  AddEventCommand.execute() (DateTimeParseException: Text '' could not be parsed at index 0)
19:53:45.381 call  AddEventCommand.execute()
19:54:06.334 time  AddEventCommand.execute() (20953265 µs)
19:54:06.335 fail  AddEventCommand.execute() (DateTimeParseException: Text '20.05.2026' could not be parsed at index 10)
19:54:08.744 call  AddEventCommand.execute()
19:54:34.167 time  AddEventCommand.execute() (25422126 µs)
19:54:34.167 fail  AddEventCommand.execute() (DateTimeParseException: Text '20.05.2026 9:45' could not be parsed at index 11)
19:54:43.477 call  AddEventCommand.execute()
19:56:01.207 call  DefaultEntryFactory.createEvent(..)
19:56:01.208 time  DefaultEntryFactory.createEvent(..) (215 µs)
19:56:01.208 done  DefaultEntryFactory.createEvent(..)
19:56:01.209 call  EntryRepository.add(..)
19:56:01.209 call  ConsoleEntryObserver.onAdded(..)
19:56:01.210 time  ConsoleEntryObserver.onAdded(..) (57 µs)
19:56:01.210 done  ConsoleEntryObserver.onAdded(..)
19:56:01.211 time  EntryRepository.add(..) (1555 µs)
19:56:01.211 done  EntryRepository.add(..)
19:56:01.211 time  AddEventCommand.execute() (77733315 µs)
19:56:01.212 done  AddEventCommand.execute()
19:56:04.663 call  RemindCommand.execute()
19:56:04.665 call  EntryRepository.findAll()
19:56:04.665 time  EntryRepository.findAll() (17 µs)
19:56:04.665 done  EntryRepository.findAll()
19:56:04.667 time  RemindCommand.execute() (2001 µs)
19:56:04.668 done  RemindCommand.execute()
19:56:16.130 call  PrintCommand.execute()
19:56:16.131 call  EntryRepository.findAll()
19:56:16.132 time  EntryRepository.findAll() (38 µs)
19:56:16.133 done  EntryRepository.findAll()
19:56:16.134 time  PrintCommand.execute() (3052 µs)
19:56:16.136 done  PrintCommand.execute()
19:56:28.603 call  RemoveCommand.execute()
19:56:29.787 call  EntryRepository.removeById(..)
19:56:29.788 call  ConsoleEntryObserver.onRemoved(..)
19:56:29.789 time  ConsoleEntryObserver.onRemoved(..) (160 µs)
19:56:29.789 done  ConsoleEntryObserver.onRemoved(..)
19:56:29.791 time  EntryRepository.removeById(..) (1782 µs)
19:56:29.791 done  EntryRepository.removeById(..)
19:56:29.791 time  RemoveCommand.execute() (1186794 µs)
19:56:29.792 done  RemoveCommand.execute()
19:56:32.133 call  PrintCommand.execute()
19:56:32.134 call  EntryRepository.findAll()
19:56:32.134 time  EntryRepository.findAll() (16 µs)
19:56:32.135 done  EntryRepository.findAll()
19:56:32.135 time  PrintCommand.execute() (1877 µs)
19:56:32.136 done  PrintCommand.execute()
19:56:43.081 call  AddNoteCommand.execute()
19:57:16.676 call  DefaultEntryFactory.createNote(..)
19:57:16.677 time  DefaultEntryFactory.createNote(..) (260 µs)
19:57:16.678 done  DefaultEntryFactory.createNote(..)
19:57:16.679 call  EntryRepository.add(..)
19:57:16.680 call  ConsoleEntryObserver.onAdded(..)
19:57:16.682 time  ConsoleEntryObserver.onAdded(..) (51 µs)
19:57:16.682 done  ConsoleEntryObserver.onAdded(..)
19:57:16.683 time  EntryRepository.add(..) (1857 µs)
19:57:16.683 done  EntryRepository.add(..)
19:57:16.684 time  AddNoteCommand.execute() (33600408 µs)
19:57:16.684 done  AddNoteCommand.execute()
19:57:19.480 call  PrintCommand.execute()
19:57:19.481 call  EntryRepository.findAll()
19:57:19.481 time  EntryRepository.findAll() (16 µs)
19:57:19.482 done  EntryRepository.findAll()
19:57:19.485 time  PrintCommand.execute() (4057 µs)
19:57:19.485 done  PrintCommand.execute()
20:00:07.870 call  SaveCommand.execute()
20:00:07.871 call  EntryRepository.findAll()
20:00:07.872 time  EntryRepository.findAll() (29 µs)
20:00:07.873 done  EntryRepository.findAll()
20:00:07.873 call  TextDiaryStorage.save(..)
20:00:07.878 time  TextDiaryStorage.save(..) (3609 µs)
20:00:07.878 done  TextDiaryStorage.save(..)
20:00:07.879 time  SaveCommand.execute() (8222 µs)
20:00:07.879 done  SaveCommand.execute()
20:02:50.406 call  TextDiaryStorage.load()
20:02:50.414 call  TextEntryParser.parse(..)
20:02:50.419 done  TextEntryParser.parse(..)
20:02:50.421 done  TextDiaryStorage.load()
20:02:50.422 call  EntryRepository.replaceAll(..)
20:02:50.423 done  EntryRepository.replaceAll(..)
20:02:50.424 call  EntryRepository.findAll()
20:02:50.425 done  EntryRepository.findAll()
21:31:16.496 call  TextDiaryStorage.load()
21:31:16.507 call  TextEntryParser.parse(..)
21:31:16.584 time  TextEntryParser.parse(..) (74960 mcs)
21:31:16.585 done  TextEntryParser.parse(..)
21:31:16.587 time  TextDiaryStorage.load() (81176 mcs)
21:31:16.587 done  TextDiaryStorage.load()
21:31:16.588 call  EntryRepository.replaceAll(..)
21:31:16.589 time  EntryRepository.replaceAll(..) (38 mcs)
21:31:16.589 done  EntryRepository.replaceAll(..)
21:31:16.590 call  EntryRepository.findAll()
21:31:16.591 time  EntryRepository.findAll() (16 mcs)
21:31:16.591 done  EntryRepository.findAll()
21:31:30.629 call  PrintCommand.execute()
21:31:30.630 call  EntryRepository.findAll()
21:31:30.630 time  EntryRepository.findAll() (10 mcs)
21:31:30.631 done  EntryRepository.findAll()
21:31:30.639 time  PrintCommand.execute() (9927 mcs)
21:31:30.639 done  PrintCommand.execute()
21:33:01.750 call  RemindCommand.execute()
21:33:01.752 call  EntryRepository.findAll()
21:33:01.753 time  EntryRepository.findAll() (13 mcs)
21:33:01.753 done  EntryRepository.findAll()
21:33:01.754 time  RemindCommand.execute() (2796 mcs)
21:33:01.755 done  RemindCommand.execute()
21:59:39.883 call  TextDiaryStorage.load()
21:59:39.887 call  TextEntryParser.parse(..)
21:59:39.967 time  TextEntryParser.parse(..) (77523 mcs)
21:59:39.968 done  TextEntryParser.parse(..)
21:59:39.969 time  TextDiaryStorage.load() (83297 mcs)
21:59:39.969 done  TextDiaryStorage.load()
21:59:39.970 call  EntryRepository.replaceAll(..)
21:59:39.970 time  EntryRepository.replaceAll(..) (43 mcs)
21:59:39.971 done  EntryRepository.replaceAll(..)
21:59:39.972 call  EntryRepository.findAll()
21:59:39.972 time  EntryRepository.findAll() (24 mcs)
21:59:39.973 done  EntryRepository.findAll()
22:07:12.838 call  TextDiaryStorage.load()
22:07:12.845 call  TextEntryParser.parse(..)
22:07:12.928 time  TextEntryParser.parse(..) (81753 mcs)
22:07:12.930 done  TextEntryParser.parse(..)
22:07:12.931 time  TextDiaryStorage.load() (87197 mcs)
22:07:12.931 done  TextDiaryStorage.load()
22:07:12.932 call  EntryRepository.replaceAll(..)
22:07:12.933 time  EntryRepository.replaceAll(..) (39 mcs)
22:07:12.933 done  EntryRepository.replaceAll(..)
22:07:12.935 call  EntryRepository.findAll()
22:07:12.935 time  EntryRepository.findAll() (25 mcs)
22:07:12.936 done  EntryRepository.findAll()
22:35:29.172 call  TextDiaryStorage.load()
22:35:29.175 call  TextEntryParser.parse(..)
22:35:29.250 time  TextEntryParser.parse(..) (71837 mcs)
22:35:29.251 done  TextEntryParser.parse(..)
22:35:29.251 time  TextDiaryStorage.load() (76721 mcs)
22:35:29.252 done  TextDiaryStorage.load()
22:35:29.252 call  EntryRepository.replaceAll(..)
22:35:29.253 time  EntryRepository.replaceAll(..) (35 mcs)
22:35:29.253 done  EntryRepository.replaceAll(..)
22:35:29.255 call  EntryRepository.findAll()
22:35:29.255 time  EntryRepository.findAll() (18 mcs)
22:35:29.256 done  EntryRepository.findAll()
22:35:38.534 call  AddNoteCommand.execute()
22:35:42.911 call  DefaultEntryFactory.createNote(..)
22:35:42.911 time  DefaultEntryFactory.createNote(..) (162 mcs)
22:35:42.912 done  DefaultEntryFactory.createNote(..)
22:35:42.912 call  EntryRepository.add(..)
22:35:42.913 call  ConsoleEntryObserver.onAdded(..)
22:35:42.914 time  ConsoleEntryObserver.onAdded(..) (267 mcs)
22:35:42.914 done  ConsoleEntryObserver.onAdded(..)
22:35:42.915 time  EntryRepository.add(..) (2235 mcs)
22:35:42.915 done  EntryRepository.add(..)
22:35:42.917 time  AddNoteCommand.execute() (4382309 mcs)
22:35:42.917 done  AddNoteCommand.execute()
22:35:46.117 call  PrintCommand.execute()
22:35:46.118 call  EntryRepository.findAll()
22:35:46.119 time  EntryRepository.findAll() (10 mcs)
22:35:46.120 done  EntryRepository.findAll()
22:35:46.130 time  PrintCommand.execute() (11691 mcs)
22:35:46.130 done  PrintCommand.execute()
22:35:53.681 call  RemoveCommand.execute()
22:35:55.171 call  EntryRepository.removeById(..)
22:35:55.171 call  ConsoleEntryObserver.onRemoved(..)
22:35:55.173 time  ConsoleEntryObserver.onRemoved(..) (181 mcs)
22:35:55.173 done  ConsoleEntryObserver.onRemoved(..)
22:35:55.174 time  EntryRepository.removeById(..) (2821 mcs)
22:35:55.176 done  EntryRepository.removeById(..)
22:35:55.177 time  RemoveCommand.execute() (1493410 mcs)
22:35:55.177 done  RemoveCommand.execute()
22:35:57.852 call  SaveCommand.execute()
22:35:57.853 call  EntryRepository.findAll()
22:35:57.854 time  EntryRepository.findAll() (13 mcs)
22:35:57.856 done  EntryRepository.findAll()
22:35:57.857 call  TextDiaryStorage.save(..)
22:35:57.860 time  TextDiaryStorage.save(..) (3163 mcs)
22:35:57.861 done  TextDiaryStorage.save(..)
22:35:57.861 time  SaveCommand.execute() (8180 mcs)
22:35:57.862 done  SaveCommand.execute()
22:57:27.200 call  TextDiaryStorage.load()
22:57:27.211 call  TextEntryParser.parse(..)
22:57:27.292 time  TextEntryParser.parse(..) (76787 mcs)
22:57:27.293 done  TextEntryParser.parse(..)
22:57:27.294 time  TextDiaryStorage.load() (91344 mcs)
22:57:27.294 done  TextDiaryStorage.load()
22:57:27.295 call  EntryRepository.replaceAll(..)
22:57:27.296 time  EntryRepository.replaceAll(..) (59 mcs)
22:57:27.296 done  EntryRepository.replaceAll(..)
22:57:27.297 call  EntryRepository.findAll()
22:57:27.298 time  EntryRepository.findAll() (28 mcs)
22:57:27.299 done  EntryRepository.findAll()
12:36:48.593 call  TextDiaryStorage.load()
12:36:48.604 call  TextEntryParser.parse(..)
12:36:48.681 time  TextEntryParser.parse(..) (73968 mcs)
12:36:48.681 done  TextEntryParser.parse(..)
12:36:48.683 time  TextDiaryStorage.load() (87132 mcs)
12:36:48.683 done  TextDiaryStorage.load()
12:36:48.684 call  EntryRepository.replaceAll(..)
12:36:48.684 time  EntryRepository.replaceAll(..) (31 mcs)
12:36:48.684 done  EntryRepository.replaceAll(..)
12:36:48.686 call  EntryRepository.findAll()
12:36:48.686 time  EntryRepository.findAll() (17 mcs)
12:36:48.687 done  EntryRepository.findAll()
12:37:02.594 call  PrintCommand.execute()
12:37:02.594 call  EntryRepository.findAll()
12:37:02.595 time  EntryRepository.findAll() (20 mcs)
12:37:02.597 done  EntryRepository.findAll()
12:37:02.606 time  PrintCommand.execute() (11595 mcs)
12:37:02.606 done  PrintCommand.execute()
12:39:49.251 call  TextDiaryStorage.load()
12:39:49.254 call  TextEntryParser.parse(..)
12:39:49.320 time  TextEntryParser.parse(..) (63495 mcs)
12:39:49.321 done  TextEntryParser.parse(..)
12:39:49.321 time  TextDiaryStorage.load() (68770 mcs)
12:39:49.323 done  TextDiaryStorage.load()
12:39:49.323 call  EntryRepository.replaceAll(..)
12:39:49.324 time  EntryRepository.replaceAll(..) (38 mcs)
12:39:49.324 done  EntryRepository.replaceAll(..)
12:39:49.326 call  EntryRepository.findAll()
12:39:49.326 time  EntryRepository.findAll() (33 mcs)
12:39:49.328 done  EntryRepository.findAll()
12:39:56.971 call  PrintCommand.execute()
12:39:56.971 call  EntryRepository.findAll()
12:39:56.973 time  EntryRepository.findAll() (7 mcs)
12:39:56.973 done  EntryRepository.findAll()
12:39:56.980 time  PrintCommand.execute() (9218 mcs)
12:39:56.982 done  PrintCommand.execute()
14:11:03.676 call  TextDiaryStorage.load()
14:11:03.687 call  TextEntryParser.parse(..)
14:11:03.751 time  TextEntryParser.parse(..) (61037 mcs)
14:11:03.752 done  TextEntryParser.parse(..)
14:11:03.752 time  TextDiaryStorage.load() (74997 mcs)
14:11:03.752 done  TextDiaryStorage.load()
14:11:03.754 call  EntryRepository.replaceAll(..)
14:11:03.754 time  EntryRepository.replaceAll(..) (42 mcs)
14:11:03.754 done  EntryRepository.replaceAll(..)
14:11:03.756 call  EntryRepository.findAll()
14:11:03.757 time  EntryRepository.findAll() (35 mcs)
14:11:03.757 done  EntryRepository.findAll()
14:19:39.620 call  TextDiaryStorage.load()
14:19:39.625 call  TextEntryParser.parse(..)
14:19:39.694 time  TextEntryParser.parse(..) (66607 mcs)
14:19:39.694 done  TextEntryParser.parse(..)
14:19:39.694 time  TextDiaryStorage.load() (71905 mcs)
14:19:39.696 done  TextDiaryStorage.load()
14:19:39.696 call  EntryRepository.replaceAll(..)
14:19:39.696 time  EntryRepository.replaceAll(..) (38 mcs)
14:19:39.697 done  EntryRepository.replaceAll(..)
14:19:39.698 call  EntryRepository.findAll()
14:19:39.698 time  EntryRepository.findAll() (23 mcs)
14:19:39.698 done  EntryRepository.findAll()
14:19:45.812 call  PrintCommand.execute()
14:19:45.814 call  EntryRepository.findAll()
14:19:45.814 time  EntryRepository.findAll() (12 mcs)
14:19:45.815 done  EntryRepository.findAll()
14:19:45.831 time  PrintCommand.execute() (16790 mcs)
14:19:45.831 done  PrintCommand.execute()
14:19:53.666 call  AddEventCommand.execute()
14:20:36.546 call  DefaultEntryFactory.createEvent(..)
14:20:36.546 time  DefaultEntryFactory.createEvent(..) (166 mcs)
14:20:36.548 done  DefaultEntryFactory.createEvent(..)
14:20:36.548 call  EntryRepository.add(..)
14:20:36.549 call  ConsoleEntryObserver.onAdded(..)
14:20:36.549 time  ConsoleEntryObserver.onAdded(..) (261 mcs)
14:20:36.549 done  ConsoleEntryObserver.onAdded(..)
14:20:36.551 time  EntryRepository.add(..) (2033 mcs)
14:20:36.551 done  EntryRepository.add(..)
14:20:36.551 time  AddEventCommand.execute() (42885048 mcs)
14:20:36.552 done  AddEventCommand.execute()
14:20:51.956 call  PrintCommand.execute()
14:20:51.958 call  EntryRepository.findAll()
14:20:51.958 time  EntryRepository.findAll() (7 mcs)
14:20:51.958 done  EntryRepository.findAll()
14:20:51.960 time  PrintCommand.execute() (2254 mcs)
14:20:51.960 done  PrintCommand.execute()
14:47:57.298 call  TextDiaryStorage.load()
14:47:57.301 call  TextEntryParser.parse(..)
14:47:57.386 time  TextEntryParser.parse(..) (80539 mcs)
14:47:57.386 done  TextEntryParser.parse(..)
14:47:57.388 time  TextDiaryStorage.load() (88415 mcs)
14:47:57.388 done  TextDiaryStorage.load()
14:47:57.389 call  EntryRepository.replaceAll(..)
14:47:57.391 time  EntryRepository.replaceAll(..) (57 mcs)
14:47:57.391 done  EntryRepository.replaceAll(..)
14:47:57.392 call  EntryRepository.findAll()
14:47:57.394 time  EntryRepository.findAll() (74 mcs)
14:47:57.394 done  EntryRepository.findAll()
14:48:06.127 call  PrintCommand.execute()
14:48:06.128 call  EntryRepository.findAll()
14:48:06.130 time  EntryRepository.findAll() (22 mcs)
14:48:06.130 done  EntryRepository.findAll()
14:48:06.164 time  PrintCommand.execute() (37236 mcs)
14:48:06.166 done  PrintCommand.execute()
15:03:49.669 call  TextDiaryStorage.load()
15:03:49.675 call  TextEntryParser.parse(..)
15:03:49.759 time  TextEntryParser.parse(..) (80878 mcs)
15:03:49.761 done  TextEntryParser.parse(..)
15:03:49.761 time  TextDiaryStorage.load() (88454 mcs)
15:03:49.762 done  TextDiaryStorage.load()
15:03:49.762 call  EntryRepository.replaceAll(..)
15:03:49.764 time  EntryRepository.replaceAll(..) (64 mcs)
15:03:49.764 done  EntryRepository.replaceAll(..)
15:03:49.765 call  EntryRepository.findAll()
15:03:49.767 time  EntryRepository.findAll() (75 mcs)
15:03:49.767 done  EntryRepository.findAll()
15:03:54.071 call  PrintCommand.execute()
15:03:54.073 call  EntryRepository.findAll()
15:03:54.074 time  EntryRepository.findAll() (10 mcs)
15:03:54.074 done  EntryRepository.findAll()
15:03:54.095 time  PrintCommand.execute() (21378 mcs)
15:03:54.096 done  PrintCommand.execute()
15:17:00.113 call  TextDiaryStorage.load()
15:17:00.118 call  TextEntryParser.parse(..)
15:17:00.197 time  TextEntryParser.parse(..) (76903 mcs)
15:17:00.199 done  TextEntryParser.parse(..)
15:17:00.200 time  TextDiaryStorage.load() (83367 mcs)
15:17:00.200 done  TextDiaryStorage.load()
15:17:00.200 call  EntryRepository.replaceAll(..)
15:17:00.202 time  EntryRepository.replaceAll(..) (56 mcs)
15:17:00.202 done  EntryRepository.replaceAll(..)
15:17:00.203 call  EntryRepository.findAll()
15:17:00.205 time  EntryRepository.findAll() (48 mcs)
15:17:00.205 done  EntryRepository.findAll()
15:17:05.615 call  PrintCommand.execute()
15:17:05.617 call  EntryRepository.findAll()
15:17:05.618 time  EntryRepository.findAll() (16 mcs)
15:17:05.618 done  EntryRepository.findAll()
15:17:05.635 time  PrintCommand.execute() (18936 mcs)
15:17:05.635 done  PrintCommand.execute()
15:17:17.118 call  AddEventCommand.execute()
15:19:07.509 call  DefaultEntryFactory.createEvent(..)
15:19:07.511 time  DefaultEntryFactory.createEvent(..) (242 mcs)
15:19:07.513 done  DefaultEntryFactory.createEvent(..)
15:19:07.513 call  EntryRepository.add(..)
15:19:07.514 call  ConsoleEntryObserver.onAdded(..)
15:19:07.514 time  ConsoleEntryObserver.onAdded(..) (355 mcs)
15:19:07.516 done  ConsoleEntryObserver.onAdded(..)
15:19:07.516 time  EntryRepository.add(..) (2652 mcs)
15:19:07.517 done  EntryRepository.add(..)
15:19:07.517 time  AddEventCommand.execute() (110398552 mcs)
15:19:07.517 done  AddEventCommand.execute()
15:22:42.087 call  SaveCommand.execute()
15:22:42.088 call  EntryRepository.findAll()
15:22:42.090 time  EntryRepository.findAll() (15 mcs)
15:22:42.090 done  EntryRepository.findAll()
15:22:42.090 call  TextDiaryStorage.save(..)
15:22:42.094 time  TextDiaryStorage.save(..) (3386 mcs)
15:22:42.096 done  TextDiaryStorage.save(..)
15:22:42.096 time  SaveCommand.execute() (7762 mcs)
15:22:42.096 done  SaveCommand.execute()
15:37:52.240 call  TextDiaryStorage.load()
15:37:52.254 call  TextEntryParser.parse(..)
15:37:52.263 time  TextEntryParser.parse(..) (4365 mcs)
15:37:52.268 fail  TextEntryParser.parse(..) (DateTimeParseException: Text 'НН' could not be parsed at index 0)
15:37:52.269 time  TextDiaryStorage.load() (26073 mcs)
15:37:52.271 fail  TextDiaryStorage.load() (DateTimeParseException: Text 'НН' could not be parsed at index 0)
15:37:52.272 call  EntryRepository.findAll()
15:37:52.274 time  EntryRepository.findAll() (34 mcs)
15:37:52.274 done  EntryRepository.findAll()
15:38:35.864 call  TextDiaryStorage.load()
15:38:35.869 call  TextEntryParser.parse(..)
15:38:35.880 time  TextEntryParser.parse(..) (5653 mcs)
15:38:35.886 fail  TextEntryParser.parse(..) (DateTimeParseException: Text 'НН' could not be parsed at index 0)
15:38:35.888 time  TextDiaryStorage.load() (20132 mcs)
15:38:35.889 fail  TextDiaryStorage.load() (DateTimeParseException: Text 'НН' could not be parsed at index 0)
15:38:35.891 call  EntryRepository.findAll()
15:38:35.893 time  EntryRepository.findAll() (33 mcs)
15:38:35.894 done  EntryRepository.findAll()
15:39:20.666 call  TextDiaryStorage.load()
15:39:20.672 time  TextDiaryStorage.load() (785 mcs)
15:39:20.672 done  TextDiaryStorage.load()
15:39:20.674 call  EntryRepository.findAll()
15:39:20.676 time  EntryRepository.findAll() (32 mcs)
15:39:20.677 done  EntryRepository.findAll()
15:39:25.651 call  AddEventCommand.execute()
15:40:13.807 call  DefaultEntryFactory.createEvent(..)
15:40:13.870 time  DefaultEntryFactory.createEvent(..) (61625 mcs)
15:40:13.870 done  DefaultEntryFactory.createEvent(..)
15:40:13.870 call  EntryRepository.add(..)
15:40:13.872 call  ConsoleEntryObserver.onAdded(..)
15:40:13.872 time  ConsoleEntryObserver.onAdded(..) (370 mcs)
15:40:13.873 done  ConsoleEntryObserver.onAdded(..)
15:40:13.873 time  EntryRepository.add(..) (2139 mcs)
15:40:13.873 done  EntryRepository.add(..)
15:40:13.875 time  AddEventCommand.execute() (48223306 mcs)
15:40:13.875 done  AddEventCommand.execute()
15:40:18.605 call  RemindCommand.execute()
15:40:18.612 call  EntryRepository.findAll()
15:40:18.612 time  EntryRepository.findAll() (15 mcs)
15:40:18.614 done  EntryRepository.findAll()
15:40:18.614 time  RemindCommand.execute() (8110 mcs)
15:40:18.615 done  RemindCommand.execute()
15:40:25.137 call  PrintCommand.execute()
15:40:25.137 call  EntryRepository.findAll()
15:40:25.138 time  EntryRepository.findAll() (16 mcs)
15:40:25.140 done  EntryRepository.findAll()
15:40:25.149 time  PrintCommand.execute() (11745 mcs)
15:40:25.149 done  PrintCommand.execute()
15:40:41.767 call  SaveCommand.execute()
15:40:41.769 call  EntryRepository.findAll()
15:40:41.769 time  EntryRepository.findAll() (7 mcs)
15:40:41.770 done  EntryRepository.findAll()
15:40:41.770 call  TextDiaryStorage.save(..)
15:40:41.773 time  TextDiaryStorage.save(..) (2875 mcs)
15:40:41.773 done  TextDiaryStorage.save(..)
15:40:41.774 time  SaveCommand.execute() (5870 mcs)
15:40:41.774 done  SaveCommand.execute()
15:41:01.933 call  TextDiaryStorage.load()
15:41:01.944 call  TextEntryParser.parse(..)
15:41:01.951 time  TextEntryParser.parse(..) (2890 mcs)
15:41:01.954 fail  TextEntryParser.parse(..) (DateTimeParseException: Text 'НН' could not be parsed at index 0)
15:41:01.954 time  TextDiaryStorage.load() (19322 mcs)
15:41:01.955 fail  TextDiaryStorage.load() (DateTimeParseException: Text 'НН' could not be parsed at index 0)
15:41:01.957 call  EntryRepository.findAll()
15:41:01.958 time  EntryRepository.findAll() (36 mcs)
15:41:01.958 done  EntryRepository.findAll()
15:42:19.751 call  TextDiaryStorage.load()
15:42:19.754 call  TextEntryParser.parse(..)
15:42:19.762 time  TextEntryParser.parse(..) (3640 mcs)
15:42:19.765 fail  TextEntryParser.parse(..) (DateTimeParseException: Text 'НН' could not be parsed at index 0)
15:42:19.766 time  TextDiaryStorage.load() (13050 mcs)
15:42:19.768 fail  TextDiaryStorage.load() (DateTimeParseException: Text 'НН' could not be parsed at index 0)
15:42:19.768 call  EntryRepository.findAll()
15:42:19.770 time  EntryRepository.findAll() (29 mcs)
15:42:19.771 done  EntryRepository.findAll()
15:43:09.088 call  TextDiaryStorage.load()
15:43:09.092 call  TextEntryParser.parse(..)
15:43:09.101 time  TextEntryParser.parse(..) (3519 mcs)
15:43:09.104 fail  TextEntryParser.parse(..) (DateTimeParseException: Text 'НН' could not be parsed at index 0)
15:43:09.106 time  TextDiaryStorage.load() (14109 mcs)
15:43:09.106 fail  TextDiaryStorage.load() (DateTimeParseException: Text 'НН' could not be parsed at index 0)
15:43:09.107 call  EntryRepository.findAll()
15:43:09.108 time  EntryRepository.findAll() (25 mcs)
15:43:09.110 done  EntryRepository.findAll()
15:43:14.579 call  PrintCommand.execute()
15:43:14.580 call  EntryRepository.findAll()
15:43:14.580 time  EntryRepository.findAll() (11 mcs)
15:43:14.582 done  EntryRepository.findAll()
15:43:14.582 time  PrintCommand.execute() (2341 mcs)
15:43:14.582 done  PrintCommand.execute()
15:43:20.099 call  AddEventCommand.execute()
15:43:23.191 time  AddEventCommand.execute() (3091239 mcs)
15:43:23.192 done  AddEventCommand.execute()
15:47:03.776 call  TextDiaryStorage.load()
15:47:03.779 call  TextEntryParser.parse(..)
15:47:03.785 time  TextEntryParser.parse(..) (3048 mcs)
15:47:03.789 fail  TextEntryParser.parse(..) (DateTimeParseException: Text '2026-05-21T15:40:13' could not be parsed at index 2)
15:47:03.791 time  TextDiaryStorage.load() (13180 mcs)
15:47:03.791 fail  TextDiaryStorage.load() (DateTimeParseException: Text '2026-05-21T15:40:13' could not be parsed at index 2)
15:47:03.792 call  EntryRepository.findAll()
15:47:03.794 time  EntryRepository.findAll() (42 mcs)
15:47:03.795 done  EntryRepository.findAll()
15:47:30.273 call  TextDiaryStorage.load()
15:47:30.278 time  TextDiaryStorage.load() (426 mcs)
15:47:30.279 done  TextDiaryStorage.load()
15:47:30.281 call  EntryRepository.findAll()
15:47:30.281 time  EntryRepository.findAll() (35 mcs)
15:47:30.282 done  EntryRepository.findAll()
15:47:34.566 call  AddEventCommand.execute()
15:48:09.413 call  DefaultEntryFactory.createEvent(..)
15:48:09.476 time  DefaultEntryFactory.createEvent(..) (61906 mcs)
15:48:09.476 done  DefaultEntryFactory.createEvent(..)
15:48:09.476 call  EntryRepository.add(..)
15:48:09.478 call  ConsoleEntryObserver.onAdded(..)
15:48:09.478 time  ConsoleEntryObserver.onAdded(..) (267 mcs)
15:48:09.478 done  ConsoleEntryObserver.onAdded(..)
15:48:09.479 time  EntryRepository.add(..) (1850 mcs)
15:48:09.479 done  EntryRepository.add(..)
15:48:09.479 time  AddEventCommand.execute() (34912560 mcs)
15:48:09.481 done  AddEventCommand.execute()
15:48:13.855 call  PrintCommand.execute()
15:48:13.857 call  EntryRepository.findAll()
15:48:13.858 time  EntryRepository.findAll() (11 mcs)
15:48:13.858 done  EntryRepository.findAll()
15:48:13.870 time  PrintCommand.execute() (13222 mcs)
15:48:13.871 done  PrintCommand.execute()
15:48:24.744 call  SaveCommand.execute()
15:48:24.744 call  EntryRepository.findAll()
15:48:24.746 time  EntryRepository.findAll() (10 mcs)
15:48:24.746 done  EntryRepository.findAll()
15:48:24.746 call  TextDiaryStorage.save(..)
15:48:24.749 time  TextDiaryStorage.save(..) (3126 mcs)
15:48:24.751 done  TextDiaryStorage.save(..)
15:48:24.751 time  SaveCommand.execute() (6743 mcs)
15:48:24.751 done  SaveCommand.execute()
15:48:29.244 call  TextDiaryStorage.load()
15:48:29.260 call  TextEntryParser.parse(..)
15:48:29.355 time  TextEntryParser.parse(..) (90638 mcs)
15:48:29.355 done  TextEntryParser.parse(..)
15:48:29.357 time  TextDiaryStorage.load() (111056 mcs)
15:48:29.359 done  TextDiaryStorage.load()
15:48:29.359 call  EntryRepository.replaceAll(..)
15:48:29.361 time  EntryRepository.replaceAll(..) (62 mcs)
15:48:29.361 done  EntryRepository.replaceAll(..)
15:48:29.363 call  EntryRepository.findAll()
15:48:29.364 time  EntryRepository.findAll() (70 mcs)
15:48:29.364 done  EntryRepository.findAll()
15:48:35.219 call  PrintCommand.execute()
15:48:35.221 call  EntryRepository.findAll()
15:48:35.221 time  EntryRepository.findAll() (6 mcs)
15:48:35.221 done  EntryRepository.findAll()
15:48:35.233 time  PrintCommand.execute() (12545 mcs)
15:48:35.233 done  PrintCommand.execute()
15:48:45.429 call  AddNoteCommand.execute()
15:49:27.915 call  DefaultEntryFactory.createNote(..)
15:49:27.917 time  DefaultEntryFactory.createNote(..) (375 mcs)
15:49:27.918 done  DefaultEntryFactory.createNote(..)
15:49:27.918 call  EntryRepository.add(..)
15:49:27.920 call  ConsoleEntryObserver.onAdded(..)
15:49:27.920 time  ConsoleEntryObserver.onAdded(..) (398 mcs)
15:49:27.921 done  ConsoleEntryObserver.onAdded(..)
15:49:27.921 time  EntryRepository.add(..) (2385 mcs)
15:49:27.923 done  EntryRepository.add(..)
15:49:27.923 time  AddNoteCommand.execute() (42492516 mcs)
15:49:27.923 done  AddNoteCommand.execute()
15:51:43.851 call  SaveCommand.execute()
15:51:43.853 call  EntryRepository.findAll()
15:51:43.853 time  EntryRepository.findAll() (10 mcs)
15:51:43.854 done  EntryRepository.findAll()
15:51:43.854 call  TextDiaryStorage.save(..)
15:51:43.857 time  TextDiaryStorage.save(..) (2863 mcs)
15:51:43.858 done  TextDiaryStorage.save(..)
15:51:43.858 time  SaveCommand.execute() (6166 mcs)
15:51:43.860 done  SaveCommand.execute()
15:51:48.117 call  AddGroupCommand.execute()
15:51:59.199 call  DefaultEntryFactory.createGroup(..)
15:51:59.200 time  DefaultEntryFactory.createGroup(..) (230 mcs)
15:51:59.200 done  DefaultEntryFactory.createGroup(..)
15:51:59.202 call  EntryRepository.add(..)
15:51:59.203 call  ConsoleEntryObserver.onAdded(..)
15:51:59.205 time  ConsoleEntryObserver.onAdded(..) (205 mcs)
15:51:59.206 done  ConsoleEntryObserver.onAdded(..)
15:51:59.208 time  EntryRepository.add(..) (3894 mcs)
15:51:59.209 done  EntryRepository.add(..)
15:51:59.209 time  AddGroupCommand.execute() (11092496 mcs)
15:51:59.211 done  AddGroupCommand.execute()
15:52:07.323 call  PrintCommand.execute()
15:52:07.323 call  EntryRepository.findAll()
15:52:07.324 time  EntryRepository.findAll() (14 mcs)
15:52:07.324 done  EntryRepository.findAll()
15:52:07.328 time  PrintCommand.execute() (4256 mcs)
15:52:07.328 done  PrintCommand.execute()
15:52:31.384 call  AddNoteCommand.execute()
15:52:32.862 call  EntryRepository.findGroupById(..)
15:52:32.862 time  EntryRepository.findGroupById(..) (99 mcs)
15:52:32.863 done  EntryRepository.findGroupById(..)
15:54:22.097 call  DefaultEntryFactory.createNote(..)
15:54:22.097 time  DefaultEntryFactory.createNote(..) (167 mcs)
15:54:22.099 done  DefaultEntryFactory.createNote(..)
15:54:22.099 call  EntryRepository.addToGroup(..)
15:54:22.099 call  ConsoleEntryObserver.onAdded(..)
15:54:22.100 time  ConsoleEntryObserver.onAdded(..) (48 mcs)
15:54:22.100 done  ConsoleEntryObserver.onAdded(..)
15:54:22.100 time  EntryRepository.addToGroup(..) (1244 mcs)
15:54:22.100 done  EntryRepository.addToGroup(..)
15:54:22.102 time  AddNoteCommand.execute() (110716594 mcs)
15:54:22.102 done  AddNoteCommand.execute()
15:54:31.167 call  SaveCommand.execute()
15:54:31.167 call  EntryRepository.findAll()
15:54:31.168 time  EntryRepository.findAll() (16 mcs)
15:54:31.168 done  EntryRepository.findAll()
15:54:31.168 call  TextDiaryStorage.save(..)
15:54:31.170 time  TextDiaryStorage.save(..) (874 mcs)
15:54:31.170 done  TextDiaryStorage.save(..)
15:54:31.171 time  SaveCommand.execute() (3858 mcs)
15:54:31.171 done  SaveCommand.execute()
15:55:54.651 call  AddNoteCommand.execute()
15:55:56.471 call  EntryRepository.findGroupById(..)
15:55:56.472 time  EntryRepository.findGroupById(..) (36 mcs)
15:55:56.472 done  EntryRepository.findGroupById(..)
15:57:17.876 call  DefaultEntryFactory.createNote(..)
15:57:17.877 time  DefaultEntryFactory.createNote(..) (260 mcs)
15:57:17.877 done  DefaultEntryFactory.createNote(..)
15:57:17.879 call  EntryRepository.addToGroup(..)
15:57:17.879 call  ConsoleEntryObserver.onAdded(..)
15:57:17.879 time  ConsoleEntryObserver.onAdded(..) (52 mcs)
15:57:17.879 done  ConsoleEntryObserver.onAdded(..)
15:57:17.880 time  EntryRepository.addToGroup(..) (1245 mcs)
15:57:17.880 done  EntryRepository.addToGroup(..)
15:57:17.880 time  AddNoteCommand.execute() (83229025 mcs)
15:57:17.880 done  AddNoteCommand.execute()
15:57:21.205 call  PrintCommand.execute()
15:57:21.205 call  EntryRepository.findAll()
15:57:21.207 time  EntryRepository.findAll() (9 mcs)
15:57:21.207 done  EntryRepository.findAll()
15:57:21.207 time  PrintCommand.execute() (1673 mcs)
15:57:21.208 done  PrintCommand.execute()
15:58:37.571 call  PrintCommand.execute()
15:58:37.571 call  EntryRepository.findAll()
15:58:37.572 time  EntryRepository.findAll() (20 mcs)
15:58:37.572 done  EntryRepository.findAll()
15:58:37.572 time  PrintCommand.execute() (2276 mcs)
15:58:37.575 done  PrintCommand.execute()
15:58:41.202 call  RemoveCommand.execute()
15:58:49.353 call  EntryRepository.removeById(..)
15:58:49.355 call  ConsoleEntryObserver.onRemoved(..)
15:58:49.355 time  ConsoleEntryObserver.onRemoved(..) (173 mcs)
15:58:49.361 done  ConsoleEntryObserver.onRemoved(..)
15:58:49.361 time  EntryRepository.removeById(..) (7563 mcs)
15:58:49.362 done  EntryRepository.removeById(..)
15:58:49.362 time  RemoveCommand.execute() (8160377 mcs)
15:58:49.363 done  RemoveCommand.execute()
15:59:03.560 call  SaveCommand.execute()
15:59:03.560 call  EntryRepository.findAll()
15:59:03.561 time  EntryRepository.findAll() (10 mcs)
15:59:03.561 done  EntryRepository.findAll()
15:59:03.561 call  TextDiaryStorage.save(..)
15:59:03.563 time  TextDiaryStorage.save(..) (916 mcs)
15:59:03.563 done  TextDiaryStorage.save(..)
15:59:03.564 time  SaveCommand.execute() (3896 mcs)
15:59:03.564 done  SaveCommand.execute()
16:15:25.700 call  TextDiaryStorage.load()
16:15:25.713 call  TextEntryParser.parse(..)
16:15:25.798 time  TextEntryParser.parse(..) (78557 mcs)
16:15:25.798 done  TextEntryParser.parse(..)
16:15:25.799 time  TextDiaryStorage.load() (96495 mcs)
16:15:25.801 done  TextDiaryStorage.load()
16:15:25.801 call  EntryRepository.replaceAll(..)
16:15:25.802 time  EntryRepository.replaceAll(..) (57 mcs)
16:15:25.802 done  EntryRepository.replaceAll(..)
16:15:25.804 call  EntryRepository.findAll()
16:15:25.804 time  EntryRepository.findAll() (141 mcs)
16:15:25.805 done  EntryRepository.findAll()
16:15:30.682 call  PrintCommand.execute()
16:15:30.684 call  EntryRepository.findAll()
16:15:30.684 time  EntryRepository.findAll() (14 mcs)
16:15:30.685 done  EntryRepository.findAll()
16:15:30.698 time  PrintCommand.execute() (15496 mcs)
16:15:30.700 done  PrintCommand.execute()
16:18:14.887 call  TextDiaryStorage.load()
16:18:14.892 call  TextEntryParser.parse(..)
16:18:14.985 time  TextEntryParser.parse(..) (88473 mcs)
16:18:14.987 done  TextEntryParser.parse(..)
16:18:14.988 time  TextDiaryStorage.load() (97830 mcs)
16:18:14.989 done  TextDiaryStorage.load()
16:18:14.990 call  EntryRepository.replaceAll(..)
16:18:14.990 time  EntryRepository.replaceAll(..) (81 mcs)
16:18:14.992 done  EntryRepository.replaceAll(..)
16:18:14.993 call  EntryRepository.findAll()
16:18:14.995 time  EntryRepository.findAll() (208 mcs)
16:18:14.995 done  EntryRepository.findAll()
16:18:18.198 call  PrintCommand.execute()
16:18:18.198 call  EntryRepository.findAll()
16:18:18.200 time  EntryRepository.findAll() (10 mcs)
16:18:18.200 done  EntryRepository.findAll()
16:18:18.214 time  PrintCommand.execute() (14771 mcs)
16:18:18.214 done  PrintCommand.execute()
16:18:24.952 call  AddGroupCommand.execute()
16:18:33.008 call  DefaultEntryFactory.createGroup(..)
16:18:33.008 time  DefaultEntryFactory.createGroup(..) (252 mcs)
16:18:33.010 done  DefaultEntryFactory.createGroup(..)
16:18:33.011 call  EntryRepository.add(..)
16:18:33.013 call  ConsoleEntryObserver.onAdded(..)
16:18:33.013 time  ConsoleEntryObserver.onAdded(..) (529 mcs)
16:18:33.015 done  ConsoleEntryObserver.onAdded(..)
16:18:33.016 time  EntryRepository.add(..) (3852 mcs)
16:18:33.018 done  EntryRepository.add(..)
16:18:33.018 time  AddGroupCommand.execute() (8065512 mcs)
16:18:33.019 done  AddGroupCommand.execute()
16:18:37.426 call  PrintCommand.execute()
16:18:37.426 call  EntryRepository.findAll()
16:18:37.428 time  EntryRepository.findAll() (23 mcs)
16:18:37.428 done  EntryRepository.findAll()
16:18:37.430 time  PrintCommand.execute() (2567 mcs)
16:18:37.430 done  PrintCommand.execute()
16:18:42.001 call  RemoveCommand.execute()
16:18:48.035 call  EntryRepository.removeById(..)
16:18:48.037 call  ConsoleEntryObserver.onRemoved(..)
16:18:48.037 time  ConsoleEntryObserver.onRemoved(..) (270 mcs)
16:18:48.038 done  ConsoleEntryObserver.onRemoved(..)
16:18:48.038 time  EntryRepository.removeById(..) (2672 mcs)
16:18:48.040 done  EntryRepository.removeById(..)
16:18:48.040 time  RemoveCommand.execute() (6037723 mcs)
16:18:48.040 done  RemoveCommand.execute()
16:18:54.691 call  SaveCommand.execute()
16:18:54.694 call  EntryRepository.findAll()
16:18:54.694 time  EntryRepository.findAll() (22 mcs)
16:18:54.695 done  EntryRepository.findAll()
16:18:54.696 call  TextDiaryStorage.save(..)
16:18:54.700 time  TextDiaryStorage.save(..) (3122 mcs)
16:18:54.700 done  TextDiaryStorage.save(..)
16:18:54.701 time  SaveCommand.execute() (7226 mcs)
16:18:54.701 done  SaveCommand.execute()
